<?xml version="1.0" encoding="UTF-8"?>
<testng-results ignored="0" total="3" passed="3" failed="0" skipped="0">
  <reporter-output>
  </reporter-output>
  <suite started-at="2022-04-13T13:52:27 IST" name="Default suite" finished-at="2022-04-13T13:53:04 IST" duration-ms="37455">
    <groups>
    </groups>
    <test started-at="2022-04-13T13:52:27 IST" name="Default test" finished-at="2022-04-13T13:53:04 IST" duration-ms="37455">
      <class name="signup.TestCase">
        <test-method is-config="true" signature="openbrowser()[pri:0, instance:signup.TestCase@35e2d654]" started-at="2022-04-13T13:52:27 IST" name="openbrowser" finished-at="2022-04-13T13:52:53 IST" duration-ms="25739" status="PASS">
          <reporter-output>
          </reporter-output>
        </test-method> <!-- openbrowser -->
        <test-method signature="createaccount()[pri:0, instance:signup.TestCase@35e2d654]" started-at="2022-04-13T13:52:53 IST" name="createaccount" finished-at="2022-04-13T13:53:00 IST" duration-ms="7320" status="PASS">
          <reporter-output>
          </reporter-output>
        </test-method> <!-- createaccount -->
        <test-method signature="dropdown()[pri:0, instance:signup.TestCase@35e2d654]" started-at="2022-04-13T13:53:00 IST" name="dropdown" finished-at="2022-04-13T13:53:01 IST" duration-ms="1207" status="PASS">
          <reporter-output>
          </reporter-output>
        </test-method> <!-- dropdown -->
        <test-method signature="selectgender()[pri:0, instance:signup.TestCase@35e2d654]" started-at="2022-04-13T13:53:01 IST" name="selectgender" finished-at="2022-04-13T13:53:03 IST" duration-ms="1762" status="PASS">
          <reporter-output>
          </reporter-output>
        </test-method> <!-- selectgender -->
        <test-method is-config="true" signature="closeBrowser()[pri:0, instance:signup.TestCase@35e2d654]" started-at="2022-04-13T13:53:03 IST" name="closeBrowser" finished-at="2022-04-13T13:53:04 IST" duration-ms="1192" status="PASS">
          <reporter-output>
          </reporter-output>
        </test-method> <!-- closeBrowser -->
      </class> <!-- signup.TestCase -->
    </test> <!-- Default test -->
  </suite> <!-- Default suite -->
</testng-results>
