<?xml version="1.0" encoding="UTF-8"?>
<!-- Generated by org.testng.reporters.JUnitXMLReporter -->
<testsuite ignored="0" hostname="DESKTOP-TSLSQ48" failures="0" tests="3" name="Default test" time="37.455" errors="0" timestamp="2022-04-13T13:53:05 IST">
  <testcase classname="signup.TestCase" name="createaccount" time="7.32"/>
  <testcase classname="signup.TestCase" name="dropdown" time="1.207"/>
  <testcase classname="signup.TestCase" name="selectgender" time="1.762"/>
</testsuite> <!-- Default test -->
